TN:
SF:src/constants/constants.js
FNF:0
FNH:0
DA:1,1
DA:2,1
DA:3,1
DA:4,1
DA:5,1
DA:7,1
LF:6
LH:6
BRF:0
BRH:0
end_of_record
TN:
SF:src/transformers/cash-in-transformer.js
FN:7,(anonymous_0)
FN:10,(anonymous_1)
FNF:2
FNH:2
FNDA:3,(anonymous_0)
FNDA:3,(anonymous_1)
DA:4,1
DA:8,3
DA:11,3
DA:12,0
DA:15,3
DA:24,3
LF:6
LH:5
BRDA:7,0,0,0
BRDA:11,1,0,0
BRDA:11,1,1,3
BRDA:22,2,0,3
BRDA:22,2,1,0
BRF:5
BRH:2
end_of_record
TN:
SF:src/transformers/cash-out-juridical-transformer.js
FN:7,(anonymous_0)
FN:10,(anonymous_1)
FNF:2
FNH:2
FNDA:2,(anonymous_0)
FNDA:2,(anonymous_1)
DA:4,1
DA:8,2
DA:11,2
DA:12,0
DA:15,2
DA:24,2
LF:6
LH:5
BRDA:7,0,0,0
BRDA:11,1,0,0
BRDA:11,1,1,2
BRF:3
BRH:1
end_of_record
TN:
SF:src/transformers/cash-out-natural-transformer.js
FN:7,(anonymous_0)
FN:10,(anonymous_1)
FNF:2
FNH:2
FNDA:1,(anonymous_0)
FNDA:1,(anonymous_1)
DA:4,1
DA:8,1
DA:11,1
DA:12,0
DA:15,1
DA:24,1
LF:6
LH:5
BRDA:7,0,0,0
BRDA:11,1,0,0
BRDA:11,1,1,1
BRF:3
BRH:1
end_of_record
TN:
SF:src/transformers/operation-transformer.js
FN:6,(anonymous_0)
FN:9,(anonymous_1)
FNF:2
FNH:0
FNDA:0,(anonymous_0)
FNDA:0,(anonymous_1)
DA:3,0
DA:7,0
DA:10,0
DA:11,0
DA:13,0
DA:24,0
LF:6
LH:0
BRDA:6,0,0,0
BRDA:10,1,0,0
BRDA:10,1,1,0
BRF:3
BRH:0
end_of_record
TN:
SF:src/use-cases/calculate-fees.js
FN:14,(anonymous_0)
FN:26,(anonymous_1)
FN:35,(anonymous_2)
FN:43,(anonymous_3)
FN:44,(anonymous_4)
FN:50,(anonymous_5)
FN:59,(anonymous_6)
FNF:7
FNH:0
FNDA:0,(anonymous_0)
FNDA:0,(anonymous_1)
FNDA:0,(anonymous_2)
FNDA:0,(anonymous_3)
FNDA:0,(anonymous_4)
FNDA:0,(anonymous_5)
FNDA:0,(anonymous_6)
DA:11,0
DA:20,0
DA:21,0
DA:22,0
DA:23,0
DA:27,0
DA:28,0
DA:31,0
DA:33,0
DA:35,0
DA:36,0
DA:37,0
DA:40,0
DA:44,0
DA:45,0
DA:47,0
DA:51,0
DA:57,0
DA:59,0
DA:60,0
DA:61,0
DA:62,0
DA:64,0
DA:66,0
DA:67,0
DA:73,0
DA:74,0
DA:75,0
DA:81,0
DA:82,0
DA:91,0
LF:31
LH:0
BRDA:15,0,0,0
BRDA:16,1,0,0
BRDA:17,2,0,0
BRDA:18,3,0,0
BRDA:27,4,0,0
BRDA:27,4,1,0
BRDA:60,5,0,0
BRDA:60,5,1,0
BRDA:61,6,0,0
BRDA:61,6,1,0
BRDA:62,7,0,0
BRDA:62,7,1,0
BRDA:64,8,0,0
BRDA:64,8,1,0
BRDA:66,9,0,0
BRDA:66,9,1,0
BRDA:73,10,0,0
BRDA:73,10,1,0
BRDA:74,11,0,0
BRDA:74,11,1,0
BRDA:81,12,0,0
BRDA:81,12,1,0
BRF:22
BRH:0
end_of_record
TN:
SF:src/use-cases/rules.js
FN:9,(anonymous_0)
FN:20,(anonymous_1)
FNF:2
FNH:2
FNDA:4,(anonymous_0)
FNDA:4,(anonymous_1)
DA:6,1
DA:14,4
DA:15,4
DA:16,4
DA:17,4
DA:21,4
DA:22,1
DA:24,3
DA:25,3
DA:27,3
DA:28,2
DA:30,3
DA:31,1
DA:34,3
LF:14
LH:14
BRDA:10,0,0,1
BRDA:11,1,0,2
BRDA:12,2,0,3
BRDA:21,3,0,1
BRDA:21,3,1,3
BRDA:21,4,0,4
BRDA:21,4,1,1
BRDA:21,4,2,1
BRDA:24,5,0,3
BRDA:24,5,1,0
BRDA:27,6,0,2
BRDA:27,6,1,1
BRDA:30,7,0,1
BRDA:30,7,1,2
BRF:14
BRH:13
end_of_record
TN:
SF:src/use-cases/cash-in/calculate-cash-in-fee.js
FN:7,(anonymous_0)
FN:13,(anonymous_1)
FN:30,(anonymous_2)
FNF:3
FNH:0
FNDA:0,(anonymous_0)
FNDA:0,(anonymous_1)
FNDA:0,(anonymous_2)
DA:4,0
DA:8,0
DA:9,0
DA:10,0
DA:14,0
DA:15,0
DA:18,0
DA:19,0
DA:20,0
DA:21,0
DA:23,0
DA:24,0
DA:27,0
DA:31,0
DA:32,0
DA:34,0
LF:16
LH:0
BRDA:7,0,0,0
BRDA:7,1,0,0
BRDA:14,2,0,0
BRDA:14,2,1,0
BRDA:14,3,0,0
BRDA:14,3,1,0
BRDA:23,4,0,0
BRDA:23,4,1,0
BRF:8
BRH:0
end_of_record
TN:
SF:src/use-cases/cash-out/calculate-cash-out-juridical-fee.js
FN:7,(anonymous_0)
FN:16,(anonymous_1)
FN:33,(anonymous_2)
FNF:3
FNH:0
FNDA:0,(anonymous_0)
FNDA:0,(anonymous_1)
FNDA:0,(anonymous_2)
DA:4,0
DA:11,0
DA:12,0
DA:13,0
DA:17,0
DA:18,0
DA:20,0
DA:22,0
DA:23,0
DA:24,0
DA:26,0
DA:27,0
DA:30,0
DA:34,0
DA:35,0
DA:37,0
LF:16
LH:0
BRDA:8,0,0,0
BRDA:9,1,0,0
BRDA:17,2,0,0
BRDA:17,2,1,0
BRDA:17,3,0,0
BRDA:17,3,1,0
BRDA:26,4,0,0
BRDA:26,4,1,0
BRF:8
BRH:0
end_of_record
TN:
SF:src/use-cases/cash-out/calculate-cash-out-natural-fee.js
FN:8,(anonymous_0)
FN:19,(anonymous_1)
FN:38,(anonymous_2)
FN:46,(anonymous_3)
FN:56,(anonymous_4)
FN:68,(anonymous_5)
FN:69,(anonymous_6)
FN:80,(anonymous_7)
FNF:8
FNH:0
FNDA:0,(anonymous_0)
FNDA:0,(anonymous_1)
FNDA:0,(anonymous_2)
FNDA:0,(anonymous_3)
FNDA:0,(anonymous_4)
FNDA:0,(anonymous_5)
FNDA:0,(anonymous_6)
FNDA:0,(anonymous_7)
DA:4,0
DA:5,0
DA:13,0
DA:14,0
DA:15,0
DA:16,0
DA:20,0
DA:21,0
DA:23,0
DA:24,0
DA:25,0
DA:27,0
DA:28,0
DA:29,0
DA:35,0
DA:39,0
DA:40,0
DA:42,0
DA:44,0
DA:45,0
DA:46,0
DA:47,0
DA:49,0
DA:56,0
DA:57,0
DA:58,0
DA:59,0
DA:62,0
DA:65,0
DA:69,0
DA:70,0
DA:71,0
DA:72,0
DA:73,0
DA:76,0
DA:81,0
DA:82,0
DA:84,0
LF:38
LH:0
BRDA:9,0,0,0
BRDA:10,1,0,0
BRDA:11,2,0,0
BRDA:20,3,0,0
BRDA:20,3,1,0
BRDA:20,4,0,0
BRDA:20,4,1,0
BRDA:20,4,2,0
BRDA:27,5,0,0
BRDA:27,5,1,0
BRDA:49,6,0,0
BRDA:49,6,1,0
BRDA:49,6,2,0
BRDA:49,6,3,0
BRDA:49,6,4,0
BRDA:57,7,0,0
BRDA:57,7,1,0
BRDA:70,8,0,0
BRDA:70,8,1,0
BRDA:71,9,0,0
BRDA:71,9,1,0
BRF:21
BRH:0
end_of_record
